[2019-04-27 11:01:53.226] [exthost] [info] extension host started
[2019-04-27 11:02:44.888] [exthost] [info] extension host started
[2019-04-27 11:02:45.466] [exthost] [info] extension host started
[2019-04-27 11:02:45.507] [exthost] [info] ExtensionService#_doActivateExtension vscode.debug-auto-launch {"startup":true,"activationEvent":"*"}
[2019-04-27 11:02:45.507] [exthost] [info] ExtensionService#loadCommonJSModule c:\Users\Shatilla\.codemix\engine\resources\app\extensions\debug-auto-launch\dist\extension
[2019-04-27 11:02:45.517] [exthost] [info] ExtensionService#_doActivateExtension vscode.emmet {"startup":true,"activationEvent":"*"}
[2019-04-27 11:02:45.517] [exthost] [info] ExtensionService#loadCommonJSModule c:\Users\Shatilla\.codemix\engine\resources\app\extensions\emmet\dist\extension
[2019-04-27 11:02:45.577] [exthost] [info] ExtensionService#_doActivateExtension vscode.merge-conflict {"startup":true,"activationEvent":"*"}
[2019-04-27 11:02:45.578] [exthost] [info] ExtensionService#loadCommonJSModule c:\Users\Shatilla\.codemix\engine\resources\app\extensions\merge-conflict\dist\extension
[2019-04-27 11:02:45.595] [exthost] [info] ExtensionService#_doActivateExtension christian-kohler.path-intellisense {"startup":true,"activationEvent":"*"}
[2019-04-27 11:02:45.595] [exthost] [info] ExtensionService#loadCommonJSModule C:\Users\Shatilla\.codemix\extensions\christian-kohler.path-intellisense-1.4.2\out\src\extension
[2019-04-27 11:02:45.645] [exthost] [info] ExtensionService#_doActivateExtension vscode.configuration-editing {"startup":false,"activationEvent":"onLanguage:jsonc"}
[2019-04-27 11:02:45.645] [exthost] [info] ExtensionService#loadCommonJSModule c:\Users\Shatilla\.codemix\engine\resources\app\extensions\configuration-editing\dist\extension
[2019-04-27 11:02:45.672] [exthost] [info] ExtensionService#_doActivateExtension vscode.json-language-features {"startup":false,"activationEvent":"onLanguage:jsonc"}
[2019-04-27 11:02:45.672] [exthost] [info] ExtensionService#loadCommonJSModule c:\Users\Shatilla\.codemix\engine\resources\app\extensions\json-language-features\client\dist\jsonMain
[2019-04-27 11:02:45.862] [exthost] [info] ExtensionService#_doActivateExtension vscode.typescript-language-features {"startup":false,"activationEvent":"onLanguage:jsonc"}
[2019-04-27 11:02:45.862] [exthost] [info] ExtensionService#loadCommonJSModule c:\Users\Shatilla\.codemix\engine\resources\app\extensions\typescript-language-features\dist\extension
[2019-04-27 11:02:46.051] [exthost] [info] ExtensionService#_doActivateExtension vscode.grunt {"startup":false,"activationEvent":"onCommand:workbench.action.tasks.runTask"}
[2019-04-27 11:02:46.051] [exthost] [info] ExtensionService#loadCommonJSModule c:\Users\Shatilla\.codemix\engine\resources\app\extensions\grunt\dist\main
[2019-04-27 11:02:46.061] [exthost] [info] ExtensionService#_doActivateExtension vscode.gulp {"startup":false,"activationEvent":"onCommand:workbench.action.tasks.runTask"}
[2019-04-27 11:02:46.061] [exthost] [info] ExtensionService#loadCommonJSModule c:\Users\Shatilla\.codemix\engine\resources\app\extensions\gulp\dist\main
[2019-04-27 11:02:46.073] [exthost] [info] ExtensionService#_doActivateExtension vscode.jake {"startup":false,"activationEvent":"onCommand:workbench.action.tasks.runTask"}
[2019-04-27 11:02:46.073] [exthost] [info] ExtensionService#loadCommonJSModule c:\Users\Shatilla\.codemix\engine\resources\app\extensions\jake\dist\main
[2019-04-27 11:02:46.084] [exthost] [info] ExtensionService#_doActivateExtension vscode.npm {"startup":false,"activationEvent":"onCommand:workbench.action.tasks.runTask"}
[2019-04-27 11:02:46.084] [exthost] [info] ExtensionService#loadCommonJSModule c:\Users\Shatilla\.codemix\engine\resources\app\extensions\npm\dist\main
[2019-04-27 11:02:46.160] [exthost] [info] eager extensions activated
