[2019-04-27 11:01:45.599] [sharedprocess] [info] main {"machineId":"d1b0d987f7f61d2229dbe795f92c767e80a54548ee637ffe36df84094c59fdef"}
[2019-04-27 11:01:46.558] [sharedprocess] [info] Scanned user extensions: 4
[2019-04-27 11:01:46.986] [sharedprocess] [info] Scanned system extensions: 73
[2019-04-27 11:01:50.488] [sharedprocess] [info] Scanned user extensions: 4
[2019-04-27 11:01:50.541] [sharedprocess] [info] Scanned system extensions: 73
[2019-04-27 11:01:51.639] [sharedprocess] [info] Scanned user extensions: 4
[2019-04-27 11:02:20.729] [sharedprocess] [info] Scanned user extensions: 4
[2019-04-27 11:02:20.767] [sharedprocess] [info] Scanned system extensions: 73
[2019-04-27 11:02:20.829] [sharedprocess] [info] Scanned user extensions: 4
[2019-04-27 11:02:20.845] [sharedprocess] [info] Scanned system extensions: 73
[2019-04-27 11:02:22.790] [sharedprocess] [info] Scanned user extensions: 4
[2019-04-27 11:02:22.792] [sharedprocess] [info] Installing the extension: formulahendry.code-runner
[2019-04-27 11:02:25.714] [sharedprocess] [info] Starting to clean up unused language packs.
[2019-04-27 11:02:35.696] [sharedprocess] [info] Extracted extension to C:\Users\Shatilla\.codemix\extensions\.formulahendry.code-runner-0.9.7: formulahendry.code-runner
[2019-04-27 11:02:35.762] [sharedprocess] [info] Renamed to C:\Users\Shatilla\.codemix\extensions\formulahendry.code-runner-0.9.7
[2019-04-27 11:02:35.768] [sharedprocess] [info] Installation completed. formulahendry.code-runner
[2019-04-27 11:02:35.772] [sharedprocess] [info] Successfully installed the extension: formulahendry.code-runner
[2019-04-27 11:02:35.835] [sharedprocess] [info] Scanned user extensions: 4
[2019-04-27 11:02:35.864] [sharedprocess] [info] Scanned system extensions: 73
[2019-04-27 11:02:35.914] [sharedprocess] [info] Scanned user extensions: 4
[2019-04-27 11:02:42.442] [sharedprocess] [info] Scanned user extensions: 4
[2019-04-27 11:02:42.483] [sharedprocess] [info] Scanned system extensions: 73
[2019-04-27 11:02:43.214] [sharedprocess] [info] Scanned user extensions: 4
[2019-04-27 11:02:43.255] [sharedprocess] [info] Scanned system extensions: 73
[2019-04-27 11:02:44.011] [sharedprocess] [info] Scanned user extensions: 4
